<?xml version="1.0" encoding="UTF-8"?>
<testsuite xmlns:xsi="http://www.w3.org/2001/XMLSchema-instance" xsi:noNamespaceSchemaLocation="https://maven.apache.org/surefire/maven-surefire-plugin/xsd/surefire-test-report.xsd" version="3.0.2" name="cn.edu.ctgu.BillingCalculatorTest$DSTTests" time="0.015" tests="2" errors="0" skipped="0" failures="0">
  <properties>
[...]
</properties>
  <testcase name="testCallWithinFallDSTOverlap" classname="cn.edu.ctgu.BillingCalculatorTest$DSTTests" time="0.011"/>
  <testcase name="testSpringDSTWithCorrectDate" classname="cn.edu.ctgu.BillingCalculatorTest$DSTTests" time="0.001"/>
</testsuite>